Using pre-set license
Built from '2020.3/release' branch; Version is '2020.3.12f1 (b3b2c6512326) revision 11776710'; Using compiler version '192528614'; Build Type 'Release'
OS: 'Windows 10 Home Single Language; OS build 19042.1415; Version 2009; 64bit' Language: 'es' Physical Memory: 8058 MB
BatchMode: 1, IsHumanControllingUs: 0, StartBugReporterOnCrash: 0, Is64bit: 1, IsPro: 0

 COMMAND LINE ARGUMENTS:
C:\Program Files\Unity\Hub\Editor\2020.3.12f1\Editor\Unity.exe
-adb2
-batchMode
-noUpm
-name
AssetImportWorker0
-projectPath
F:/_projects/conicet/git
-logFile
Logs/AssetImportWorker0.log
-srvPort
64201
Successfully changed project path to: F:/_projects/conicet/git
F:/_projects/conicet/git
Using Asset Import Pipeline V2.
Refreshing native plugins compatible for Editor in 85.13 ms, found 2 plugins.
Preloading 0 native plugins for Editor in 0.00 ms.
Initialize engine version: 2020.3.12f1 (b3b2c6512326)
[Subsystems] Discovering subsystems at path C:/Program Files/Unity/Hub/Editor/2020.3.12f1/Editor/Data/Resources/UnitySubsystems
[Subsystems] Discovering subsystems at path F:/_projects/conicet/git/Assets
GfxDevice: creating device client; threaded=0
Direct3D:
    Version:  Direct3D 11.0 [level 11.1]
    Renderer: NVIDIA GeForce GTX 1050 (ID=0x1c8d)
    Vendor:   
    VRAM:     4019 MB
    Driver:   27.21.14.6231
Initialize mono
Mono path[0] = 'C:/Program Files/Unity/Hub/Editor/2020.3.12f1/Editor/Data/Managed'
Mono path[1] = 'C:/Program Files/Unity/Hub/Editor/2020.3.12f1/Editor/Data/MonoBleedingEdge/lib/mono/unityjit'
Mono config path = 'C:/Program Files/Unity/Hub/Editor/2020.3.12f1/Editor/Data/MonoBleedingEdge/etc'
Using monoOptions --debugger-agent=transport=dt_socket,embedding=1,server=y,suspend=n,address=127.0.0.1:56304
Begin MonoManager ReloadAssembly
Registering precompiled unity dll's ...
Register platform support module: C:/Program Files/Unity/Hub/Editor/2020.3.12f1/Editor/Data/PlaybackEngines/WebGLSupport/UnityEditor.WebGL.Extensions.dll
Register platform support module: C:/Program Files/Unity/Hub/Editor/2020.3.12f1/Editor/Data/PlaybackEngines/WindowsStandaloneSupport/UnityEditor.WindowsStandalone.Extensions.dll
Registered in 0.006262 seconds.
Native extension for WindowsStandalone target not found
Native extension for WebGL target not found
Refreshing native plugins compatible for Editor in 81.83 ms, found 2 plugins.
Preloading 0 native plugins for Editor in 0.00 ms.
Mono: successfully reloaded assembly
- Completed reload, in  6.168 seconds
Platform modules already initialized, skipping
Registering precompiled user dll's ...
Registered in 0.142750 seconds.
Begin MonoManager ReloadAssembly
Native extension for WindowsStandalone target not found
Native extension for WebGL target not found
Refreshing native plugins compatible for Editor in 1.00 ms, found 2 plugins.
Preloading 0 native plugins for Editor in 0.00 ms.
Mono: successfully reloaded assembly
- Completed reload, in  1.278 seconds
Platform modules already initialized, skipping
========================================================================
Worker process is ready to serve import requests
Launched and connected shader compiler UnityShaderCompiler.exe after 0.08 seconds
Refreshing native plugins compatible for Editor in 0.84 ms, found 2 plugins.
Preloading 0 native plugins for Editor in 0.00 ms.
Unloading 1503 Unused Serialized files (Serialized files now loaded: 0)
System memory in use before: 71.9 MB.
System memory in use after: 72.0 MB.

Unloading 19 unused Assets to reduce memory usage. Loaded Objects now: 1935.
Total: 3.292600 ms (FindLiveObjects: 0.290500 ms CreateObjectMapping: 0.077800 ms MarkObjects: 2.848700 ms  DeleteObjects: 0.074200 ms)

AssetImportParameters requested are different than current active one (requested -> active):
  custom:framework-win-MediaFoundation: 216162199b28c13a410421893ffa2e32 -> 
  custom:video-decoder-ogg-theora: a1e56fd34408186e4bbccfd4996cb3dc -> 
  custom:container-muxer-webm: aa71ff27fc2769a1b78a27578f13a17b -> 
  custom:container-demuxer-webm: 4f35f7cbe854078d1ac9338744f61a02 -> 
  custom:container-demuxer-ogg: 62fdf1f143b41e24485cea50d1cbac27 -> 
  custom:video-encoder-webm-vp8: eb34c28f22e8b96e1ab97ce403110664 -> 
  custom:video-codec-MediaFoundation-h265: 746d11721c4dcdbdad8f713fa42b33f4 -> 
  custom:video-decoder-webm-vp8: 9c59270c3fd7afecdb556c50c9e8de78 -> 
  custom:audio-decoder-ogg-vorbis: bf7c407c2cedff20999df2af8eb42d56 -> 
  custom:audio-encoder-webm-vorbis: bf7c407c2cedff20999df2af8eb42d56 -> 
========================================================================
Received Import Request.
  path: Assets/Resources/assets/audio/abeja2.wav
  artifactKey: Guid(afa75ab1569aa18419becda8bc303d93) Importer(815301076,1909f56bfc062723c751e8b465ee728b)
Start importing Assets/Resources/assets/audio/abeja2.wav using Guid(afa75ab1569aa18419becda8bc303d93) Importer(815301076,1909f56bfc062723c751e8b465ee728b)  -> (artifact id: '5cfe6fcfcc04fe0007a06d78a2a8a857') in 0.164456 seconds 
  Import took 0.168109 seconds .

========================================================================
Received Import Request.
  Time since last request: 0.000519 seconds.
  path: Assets/Resources/assets/audio/abeja.wav
  artifactKey: Guid(85cbf93a101df7543829a860b7c07554) Importer(815301076,1909f56bfc062723c751e8b465ee728b)
Start importing Assets/Resources/assets/audio/abeja.wav using Guid(85cbf93a101df7543829a860b7c07554) Importer(815301076,1909f56bfc062723c751e8b465ee728b)  -> (artifact id: '0ed3cd5446623018263549ed1f73ddb4') in 0.029613 seconds 
  Import took 0.033467 seconds .

========================================================================
Received Import Request.
  Time since last request: 1.472151 seconds.
  path: Assets/Resources/assets/audio/conejo4.wav
  artifactKey: Guid(b1e2e8559c50af542b668d552c7d069f) Importer(815301076,1909f56bfc062723c751e8b465ee728b)
Start importing Assets/Resources/assets/audio/conejo4.wav using Guid(b1e2e8559c50af542b668d552c7d069f) Importer(815301076,1909f56bfc062723c751e8b465ee728b)  -> (artifact id: 'b7596cd0849956c970c06a26e498cc61') in 0.033555 seconds 
  Import took 0.037970 seconds .

========================================================================
Received Import Request.
  Time since last request: 2.178322 seconds.
  path: Assets/Resources/assets/audio/conejo3.wav
  artifactKey: Guid(4c407b2d3e3145b4fbde2bd74eb10923) Importer(815301076,1909f56bfc062723c751e8b465ee728b)
Start importing Assets/Resources/assets/audio/conejo3.wav using Guid(4c407b2d3e3145b4fbde2bd74eb10923) Importer(815301076,1909f56bfc062723c751e8b465ee728b)  -> (artifact id: 'c768fa72d23e7ce991d331f8cfdf88de') in 0.035348 seconds 
  Import took 0.039849 seconds .

========================================================================
Received Import Request.
  Time since last request: 3.059207 seconds.
  path: Assets/Resources/assets/audio/conejo1.wav
  artifactKey: Guid(b7575a07743bd7f4790b65aae78cc8c4) Importer(815301076,1909f56bfc062723c751e8b465ee728b)
Start importing Assets/Resources/assets/audio/conejo1.wav using Guid(b7575a07743bd7f4790b65aae78cc8c4) Importer(815301076,1909f56bfc062723c751e8b465ee728b)  -> (artifact id: '0f3d353f9690628e1be8fc31cfd6ef24') in 0.036552 seconds 
  Import took 0.040193 seconds .

========================================================================
Received Import Request.
  Time since last request: 3.312035 seconds.
  path: Assets/Resources/assets/audio/conejo.wav
  artifactKey: Guid(6567b1ee18e71434fb7b135db6e5f4cb) Importer(815301076,1909f56bfc062723c751e8b465ee728b)
Start importing Assets/Resources/assets/audio/conejo.wav using Guid(6567b1ee18e71434fb7b135db6e5f4cb) Importer(815301076,1909f56bfc062723c751e8b465ee728b)  -> (artifact id: 'd51168c0e926a578564011eb9a90e24e') in 0.030586 seconds 
  Import took 0.034023 seconds .

========================================================================
Received Prepare
Refreshing native plugins compatible for Editor in 4.00 ms, found 2 plugins.
Preloading 0 native plugins for Editor in 0.00 ms.
Unloading 13 Unused Serialized files (Serialized files now loaded: 0)
System memory in use before: 45.6 MB.
System memory in use after: 45.7 MB.

Unloading 12 unused Assets to reduce memory usage. Loaded Objects now: 1944.
Total: 2.263200 ms (FindLiveObjects: 0.169800 ms CreateObjectMapping: 0.064200 ms MarkObjects: 2.014000 ms  DeleteObjects: 0.014300 ms)

AssetImportParameters requested are different than current active one (requested -> active):
  custom:framework-win-MediaFoundation: 216162199b28c13a410421893ffa2e32 -> 
  custom:video-decoder-ogg-theora: a1e56fd34408186e4bbccfd4996cb3dc -> 
  custom:container-muxer-webm: aa71ff27fc2769a1b78a27578f13a17b -> 
  custom:container-demuxer-webm: 4f35f7cbe854078d1ac9338744f61a02 -> 
  custom:container-demuxer-ogg: 62fdf1f143b41e24485cea50d1cbac27 -> 
  custom:video-encoder-webm-vp8: eb34c28f22e8b96e1ab97ce403110664 -> 
  custom:video-codec-MediaFoundation-h265: 746d11721c4dcdbdad8f713fa42b33f4 -> 
  custom:video-decoder-webm-vp8: 9c59270c3fd7afecdb556c50c9e8de78 -> 
  custom:audio-decoder-ogg-vorbis: bf7c407c2cedff20999df2af8eb42d56 -> 
  custom:audio-encoder-webm-vorbis: bf7c407c2cedff20999df2af8eb42d56 -> 
========================================================================
Received Import Request.
  Time since last request: 14.663708 seconds.
  path: Assets/Resources/assets/audio/distraido2.wav
  artifactKey: Guid(89cdc3c24acabba429c96c1fb10ca13c) Importer(815301076,1909f56bfc062723c751e8b465ee728b)
Start importing Assets/Resources/assets/audio/distraido2.wav using Guid(89cdc3c24acabba429c96c1fb10ca13c) Importer(815301076,1909f56bfc062723c751e8b465ee728b)  -> (artifact id: 'dee6e7df92216d52dab1497a4f09aecf') in 0.046169 seconds 
  Import took 0.050718 seconds .

========================================================================
Received Import Request.
  Time since last request: 0.608786 seconds.
  path: Assets/Resources/assets/audio/distraido.wav
  artifactKey: Guid(d29006445a73f814baa2282a6d1eae8a) Importer(815301076,1909f56bfc062723c751e8b465ee728b)
Start importing Assets/Resources/assets/audio/distraido.wav using Guid(d29006445a73f814baa2282a6d1eae8a) Importer(815301076,1909f56bfc062723c751e8b465ee728b)  -> (artifact id: '443e01054562c0c384097868574178d0') in 0.034174 seconds 
  Import took 0.038686 seconds .

========================================================================
Received Import Request.
  Time since last request: 2.253742 seconds.
  path: Assets/Resources/assets/audio/elefante.wav
  artifactKey: Guid(d165eb0b83b1d944ea0b12d0ff55481c) Importer(815301076,1909f56bfc062723c751e8b465ee728b)
Start importing Assets/Resources/assets/audio/elefante.wav using Guid(d165eb0b83b1d944ea0b12d0ff55481c) Importer(815301076,1909f56bfc062723c751e8b465ee728b)  -> (artifact id: '917887787212510b9cd5bf7086cd1277') in 0.041526 seconds 
  Import took 0.045800 seconds .

========================================================================
Received Import Request.
  Time since last request: 0.546359 seconds.
  path: Assets/Resources/assets/audio/elefante2.wav
  artifactKey: Guid(e6d3ad813d8811048a44ba3e3219b468) Importer(815301076,1909f56bfc062723c751e8b465ee728b)
Start importing Assets/Resources/assets/audio/elefante2.wav using Guid(e6d3ad813d8811048a44ba3e3219b468) Importer(815301076,1909f56bfc062723c751e8b465ee728b)  -> (artifact id: 'c1496dad35d997031e0a15b013bfa864') in 0.033941 seconds 
  Import took 0.038026 seconds .

========================================================================
Received Import Request.
  Time since last request: 1.143572 seconds.
  path: Assets/Resources/assets/audio/elefante3.wav
  artifactKey: Guid(be993f52d2f0b2f458e2fe32e715ee3f) Importer(815301076,1909f56bfc062723c751e8b465ee728b)
Start importing Assets/Resources/assets/audio/elefante3.wav using Guid(be993f52d2f0b2f458e2fe32e715ee3f) Importer(815301076,1909f56bfc062723c751e8b465ee728b)  -> (artifact id: '211f23f10388633f50009dd2e4c3c538') in 0.033259 seconds 
  Import took 0.037023 seconds .

